2008.02.14 17:28 B D:\Websites\ElegantWPThemes\demo\wp-content\themes\photoshopfox\adsense.php --> ftp.elegantwpthemes.com /public_html/demo/wp-content/themes/photoshopfox adsense.php
2008.02.14 17:28 B D:\Websites\ElegantWPThemes\demo\wp-content\themes\photoshopfox\archive.php --> ftp.elegantwpthemes.com /public_html/demo/wp-content/themes/photoshopfox archive.php
2008.02.14 17:29 B D:\Websites\ElegantWPThemes\demo\wp-content\themes\photoshopfox\archives.php --> ftp.elegantwpthemes.com /public_html/demo/wp-content/themes/photoshopfox archives.php
2008.02.14 17:29 B D:\Websites\ElegantWPThemes\demo\wp-content\themes\photoshopfox\author.php --> ftp.elegantwpthemes.com /public_html/demo/wp-content/themes/photoshopfox author.php
2008.02.14 17:29 B D:\Websites\ElegantWPThemes\demo\wp-content\themes\photoshopfox\category.php --> ftp.elegantwpthemes.com /public_html/demo/wp-content/themes/photoshopfox category.php
2008.02.14 17:29 B D:\Websites\ElegantWPThemes\demo\wp-content\themes\photoshopfox\comments.php --> ftp.elegantwpthemes.com /public_html/demo/wp-content/themes/photoshopfox comments.php
2008.02.14 17:29 B D:\Websites\ElegantWPThemes\demo\wp-content\themes\photoshopfox\footer.php --> ftp.elegantwpthemes.com /public_html/demo/wp-content/themes/photoshopfox footer.php
2008.02.14 17:29 B D:\Websites\ElegantWPThemes\demo\wp-content\themes\photoshopfox\functions.php --> ftp.elegantwpthemes.com /public_html/demo/wp-content/themes/photoshopfox functions.php
2008.02.14 17:29 B D:\Websites\ElegantWPThemes\demo\wp-content\themes\photoshopfox\header.php --> ftp.elegantwpthemes.com /public_html/demo/wp-content/themes/photoshopfox header.php
2008.02.14 17:29 B D:\Websites\ElegantWPThemes\demo\wp-content\themes\photoshopfox\index.php --> ftp.elegantwpthemes.com /public_html/demo/wp-content/themes/photoshopfox index.php
2008.02.14 17:29 B D:\Websites\ElegantWPThemes\demo\wp-content\themes\photoshopfox\page.php --> ftp.elegantwpthemes.com /public_html/demo/wp-content/themes/photoshopfox page.php
2008.02.14 17:29 B D:\Websites\ElegantWPThemes\demo\wp-content\themes\photoshopfox\paginate.php --> ftp.elegantwpthemes.com /public_html/demo/wp-content/themes/photoshopfox paginate.php
2008.02.14 17:29 B D:\Websites\ElegantWPThemes\demo\wp-content\themes\photoshopfox\photoshop-fox.xhtml.html --> ftp.elegantwpthemes.com /public_html/demo/wp-content/themes/photoshopfox photoshop-fox.xhtml.html
2008.02.14 17:29 B D:\Websites\ElegantWPThemes\demo\wp-content\themes\photoshopfox\readme.txt --> ftp.elegantwpthemes.com /public_html/demo/wp-content/themes/photoshopfox readme.txt
2008.02.14 17:29 B D:\Websites\ElegantWPThemes\demo\wp-content\themes\photoshopfox\screenshot.png --> ftp.elegantwpthemes.com /public_html/demo/wp-content/themes/photoshopfox screenshot.png
2008.02.14 17:29 B D:\Websites\ElegantWPThemes\demo\wp-content\themes\photoshopfox\search.php --> ftp.elegantwpthemes.com /public_html/demo/wp-content/themes/photoshopfox search.php
2008.02.14 17:29 B D:\Websites\ElegantWPThemes\demo\wp-content\themes\photoshopfox\searchform.php --> ftp.elegantwpthemes.com /public_html/demo/wp-content/themes/photoshopfox searchform.php
2008.02.14 17:29 B D:\Websites\ElegantWPThemes\demo\wp-content\themes\photoshopfox\sidebar.php --> ftp.elegantwpthemes.com /public_html/demo/wp-content/themes/photoshopfox sidebar.php
2008.02.14 17:29 B D:\Websites\ElegantWPThemes\demo\wp-content\themes\photoshopfox\single.php --> ftp.elegantwpthemes.com /public_html/demo/wp-content/themes/photoshopfox single.php
2008.02.14 17:29 B D:\Websites\ElegantWPThemes\demo\wp-content\themes\photoshopfox\sitemap.php --> ftp.elegantwpthemes.com /public_html/demo/wp-content/themes/photoshopfox sitemap.php
2008.02.14 17:29 B D:\Websites\ElegantWPThemes\demo\wp-content\themes\photoshopfox\social.php --> ftp.elegantwpthemes.com /public_html/demo/wp-content/themes/photoshopfox social.php
2008.02.14 17:29 B D:\Websites\ElegantWPThemes\demo\wp-content\themes\photoshopfox\style.css --> ftp.elegantwpthemes.com /public_html/demo/wp-content/themes/photoshopfox style.css
2008.02.14 17:29 B D:\Websites\ElegantWPThemes\demo\wp-content\themes\photoshopfox\tag.php --> ftp.elegantwpthemes.com /public_html/demo/wp-content/themes/photoshopfox tag.php
